[0.092s] DEBUG:colcon:Command line arguments: ['/usr/bin/colcon', 'list', '-p', '--base-paths', '/home/samer/bjehrabi/src/botshop']
[0.092s] DEBUG:colcon:Parsed command line arguments: Namespace(log_base=None, log_level=None, verb_name='list', build_base='build', ignore_user_meta=False, metas=['./colcon.meta'], base_paths=['/home/samer/bjehrabi/src/botshop'], packages_ignore=None, packages_ignore_regex=None, paths=None, packages_up_to=None, packages_up_to_regex=None, packages_above=None, packages_above_and_dependencies=None, packages_above_depth=None, packages_select_by_dep=None, packages_skip_by_dep=None, packages_skip_up_to=None, packages_select_build_failed=False, packages_skip_build_finished=False, packages_select_test_failures=False, packages_skip_test_passed=False, packages_select=None, packages_skip=None, packages_select_regex=None, packages_skip_regex=None, packages_start=None, packages_end=None, allow_overriding=[], topological_order=False, names_only=False, paths_only=True, topological_graph=False, topological_graph_dot=False, topological_graph_density=False, topological_graph_legend=False, topological_graph_dot_cluster=False, topological_graph_dot_include_skipped=False, mixin_files=None, mixin=None, verb_parser=<colcon_mixin.mixin.mixin_argument.MixinArgumentDecorator object at 0x7984f34611e0>, verb_extension=<colcon_package_information.verb.list.ListVerb object at 0x7984f3568c70>, main=<bound method ListVerb.main of <colcon_package_information.verb.list.ListVerb object at 0x7984f3568c70>>, mixin_verb=('list',))
[0.233s] Level 1:colcon.colcon_core.package_discovery:discover_packages(colcon_meta) check parameters
[0.234s] Level 1:colcon.colcon_core.package_discovery:discover_packages(recursive) check parameters
[0.234s] Level 1:colcon.colcon_core.package_discovery:discover_packages(ignore) check parameters
[0.234s] Level 1:colcon.colcon_core.package_discovery:discover_packages(path) check parameters
[0.234s] Level 1:colcon.colcon_core.package_discovery:discover_packages(recursive) discover
[0.234s] INFO:colcon.colcon_core.package_discovery:Crawling recursively for packages in '/home/samer/bjehrabi/src/botshop'
[0.234s] Level 1:colcon.colcon_core.package_identification:_identify(/home/samer/bjehrabi/src/botshop) by extensions ['ignore', 'ignore_ament_install']
[0.234s] Level 1:colcon.colcon_core.package_identification:_identify(/home/samer/bjehrabi/src/botshop) by extension 'ignore'
[0.234s] Level 1:colcon.colcon_core.package_identification:_identify(/home/samer/bjehrabi/src/botshop) by extension 'ignore_ament_install'
[0.234s] Level 1:colcon.colcon_core.package_identification:_identify(/home/samer/bjehrabi/src/botshop) by extensions ['colcon_pkg']
[0.234s] Level 1:colcon.colcon_core.package_identification:_identify(/home/samer/bjehrabi/src/botshop) by extension 'colcon_pkg'
[0.234s] Level 1:colcon.colcon_core.package_identification:_identify(/home/samer/bjehrabi/src/botshop) by extensions ['colcon_meta']
[0.234s] Level 1:colcon.colcon_core.package_identification:_identify(/home/samer/bjehrabi/src/botshop) by extension 'colcon_meta'
[0.234s] Level 1:colcon.colcon_core.package_identification:_identify(/home/samer/bjehrabi/src/botshop) by extensions ['ros']
[0.234s] Level 1:colcon.colcon_core.package_identification:_identify(/home/samer/bjehrabi/src/botshop) by extension 'ros'
[0.243s] Level 1:colcon.colcon_core.package_identification:_identify(/home/samer/bjehrabi/src/botshop) by extensions ['cmake', 'python']
[0.243s] Level 1:colcon.colcon_core.package_identification:_identify(/home/samer/bjehrabi/src/botshop) by extension 'cmake'
[0.243s] Level 1:colcon.colcon_core.package_identification:_identify(/home/samer/bjehrabi/src/botshop) by extension 'python'
[0.243s] Level 1:colcon.colcon_core.package_identification:_identify(/home/samer/bjehrabi/src/botshop) by extensions ['python_setup_py']
[0.243s] Level 1:colcon.colcon_core.package_identification:_identify(/home/samer/bjehrabi/src/botshop) by extension 'python_setup_py'
[0.243s] Level 1:colcon.colcon_core.package_identification:_identify(/home/samer/bjehrabi/src/botshop/log) by extensions ['ignore', 'ignore_ament_install']
[0.243s] Level 1:colcon.colcon_core.package_identification:_identify(/home/samer/bjehrabi/src/botshop/log) by extension 'ignore'
[0.243s] Level 1:colcon.colcon_core.package_identification:_identify(/home/samer/bjehrabi/src/botshop/log) ignored
[0.243s] Level 1:colcon.colcon_core.package_identification:_identify(/home/samer/bjehrabi/src/botshop/mmp_description) by extensions ['ignore', 'ignore_ament_install']
[0.243s] Level 1:colcon.colcon_core.package_identification:_identify(/home/samer/bjehrabi/src/botshop/mmp_description) by extension 'ignore'
[0.243s] Level 1:colcon.colcon_core.package_identification:_identify(/home/samer/bjehrabi/src/botshop/mmp_description) by extension 'ignore_ament_install'
[0.243s] Level 1:colcon.colcon_core.package_identification:_identify(/home/samer/bjehrabi/src/botshop/mmp_description) by extensions ['colcon_pkg']
[0.243s] Level 1:colcon.colcon_core.package_identification:_identify(/home/samer/bjehrabi/src/botshop/mmp_description) by extension 'colcon_pkg'
[0.243s] Level 1:colcon.colcon_core.package_identification:_identify(/home/samer/bjehrabi/src/botshop/mmp_description) by extensions ['colcon_meta']
[0.243s] Level 1:colcon.colcon_core.package_identification:_identify(/home/samer/bjehrabi/src/botshop/mmp_description) by extension 'colcon_meta'
[0.243s] Level 1:colcon.colcon_core.package_identification:_identify(/home/samer/bjehrabi/src/botshop/mmp_description) by extensions ['ros']
[0.243s] Level 1:colcon.colcon_core.package_identification:_identify(/home/samer/bjehrabi/src/botshop/mmp_description) by extension 'ros'
[0.246s] DEBUG:colcon.colcon_core.package_identification:Package '/home/samer/bjehrabi/src/botshop/mmp_description' with type 'ros.ament_cmake' and name 'mmp_description'
[0.246s] Level 1:colcon.colcon_core.package_identification:_identify(/home/samer/bjehrabi/src/botshop/mmp_moveit_config) by extensions ['ignore', 'ignore_ament_install']
[0.247s] Level 1:colcon.colcon_core.package_identification:_identify(/home/samer/bjehrabi/src/botshop/mmp_moveit_config) by extension 'ignore'
[0.247s] Level 1:colcon.colcon_core.package_identification:_identify(/home/samer/bjehrabi/src/botshop/mmp_moveit_config) by extension 'ignore_ament_install'
[0.247s] Level 1:colcon.colcon_core.package_identification:_identify(/home/samer/bjehrabi/src/botshop/mmp_moveit_config) by extensions ['colcon_pkg']
[0.247s] Level 1:colcon.colcon_core.package_identification:_identify(/home/samer/bjehrabi/src/botshop/mmp_moveit_config) by extension 'colcon_pkg'
[0.247s] Level 1:colcon.colcon_core.package_identification:_identify(/home/samer/bjehrabi/src/botshop/mmp_moveit_config) by extensions ['colcon_meta']
[0.247s] Level 1:colcon.colcon_core.package_identification:_identify(/home/samer/bjehrabi/src/botshop/mmp_moveit_config) by extension 'colcon_meta'
[0.247s] Level 1:colcon.colcon_core.package_identification:_identify(/home/samer/bjehrabi/src/botshop/mmp_moveit_config) by extensions ['ros']
[0.247s] Level 1:colcon.colcon_core.package_identification:_identify(/home/samer/bjehrabi/src/botshop/mmp_moveit_config) by extension 'ros'
[0.247s] DEBUG:colcon.colcon_core.package_identification:Package '/home/samer/bjehrabi/src/botshop/mmp_moveit_config' with type 'ros.ament_cmake' and name 'mmp_moveit_config'
[0.247s] Level 1:colcon.colcon_core.package_discovery:discover_packages(recursive) using defaults
